PIN xml version="1.0" encoding="utf-8" 
TAG data
	prevpage=http://www.moskva.fm/arc/stations/FM_101.2/20090824
	startAt=1251144000
	servertime=1282821391
	nextpage=http://www.moskva.fm/arc/stations/FM_101.2/20090826
	data=1251187200
	duration=86400
TAG locales
	xmlns=fl-locales
TAG locale
	id=ru
TAG lang
TAG currtitle
CDA 25 августа, вторник
END currtitle
TAG prevtitle
CDA <font color="#666666">Эфир за</font> 00:00 - 23:59<br />24 августа, понедельник
END prevtitle
TAG nexttitle
CDA <font color="#666666">Эфир за</font> 00:00 - 23:59<br />26 августа, среда
END nexttitle
END lang
END locale
END locales
TAG timezones
	xmlns=fl-timezones
TAG timezone
	discrete=3600
	offset=10800
	id=msk
END timezone
END timezones
TAG shows
TAG show
	url=http://www.moskva.fm/stations/FM_101.2/programs/dинамика/2009-08-24_23:00:00
	startAt=1251140400
	name=Dинамика
	duration=7200
END show
TAG show
	url=http://www.moskva.fm/stations/FM_101.2/programs/маркус__/2009-08-24_01:00:00
	startAt=1251147600
	name=Маркус  
	duration=25200
END show
TAG show
	url=http://www.moskva.fm/stations/FM_101.2/programs/ва$я_э$кобар__/2009-08-24_03:00:00
	startAt=1251154800
	name=Ва$я Э$кобар  
	duration=14400
END show
TAG show
	url=http://www.moskva.fm/stations/FM_101.2/programs/утро_dj_седов/2009-08-25_08:00:00
	startAt=1251172800
	name=Утро Dj Седов
	duration=10800
END show
TAG show
	url=http://www.moskva.fm/stations/FM_101.2/programs/игорь_кокс/2009-08-25_11:00:00
	startAt=1251183600
	name=Игорь Кокс
	duration=7200
END show
TAG show
	url=http://www.moskva.fm/stations/FM_101.2/programs/d-лайла/2009-08-25_13:00:00
	startAt=1251190800
	name=D-лайла
	duration=3600
END show
TAG show
	url=http://www.moskva.fm/stations/FM_101.2/programs/игорь_кокс/2009-08-25_14:00:00
	startAt=1251194400
	name=Игорь Кокс
	duration=3600
END show
TAG show
	url=http://www.moskva.fm/stations/FM_101.2/programs/эфир_с_верой/2009-08-25_15:00:00
	startAt=1251198000
	name=Эфир с Верой
	duration=14400
END show
TAG show
	url=http://www.moskva.fm/stations/FM_101.2/programs/егор_плотников/2009-08-25_19:00:00
	startAt=1251212400
	name=Егор Плотников
	duration=3600
END show
TAG show
	url=http://www.moskva.fm/stations/FM_101.2/programs/d-лайла/2009-08-25_20:00:00
	startAt=1251216000
	name=D-лайла
	duration=3600
END show
TAG show
	url=http://www.moskva.fm/stations/FM_101.2/programs/party_time/2009-08-25_21:00:00
	startAt=1251219600
	name=Party Time
	duration=10800
END show
TAG show
	url=http://www.moskva.fm/stations/FM_101.2/programs/эфир_с_андреем_зацепиным/2009-08-25_00:00:00
	startAt=1251230400
	name=Эфир с Андреем Зацепиным
	duration=7200
END show
TAG show
	url=http://www.moskva.fm/stations/FM_101.2/programs/d-лайла/2009-08-25_02:00:00
	startAt=1251237600
	name=D-лайла
	duration=3600
END show
TAG show
	url=http://www.moskva.fm/stations/FM_101.2/programs/эфир_с_андреем_зацепиным/2009-08-25_03:00:00
	startAt=1251241200
	name=Эфир с Андреем Зацепиным
	duration=18000
END show
END shows
TAG tracks
TAG track
	startAt=1251146112
	chartPosition=
	name=Alkatraz Feat. Amanda Wilson
	artistName=Surrender (Richard Grey Club Mix)
	artistSongs=366
	playCount=366
	duration=192
	id=-45033
END track
TAG track
	startAt=1251146820
	chartPosition=
	name=Tv Rock Feat. Rudy
	artistName=In The Air
	artistSongs=1444
	playCount=1238
	duration=264
	id=1923179
END track
TAG track
	startAt=1251147684
	chartPosition=
	name=Sunrider
	artistName=Fable 09 (Dave Darell Radio Edit)
	artistSongs=4845
	playCount=4452
	duration=168
	id=-19482
END track
TAG track
	startAt=1251147852
	chartPosition=62
	name=Antoine Clamaran
	artistName=Gold (Radio Edit)
	artistSongs=11260
	playCount=3700
	duration=192
	id=-34213
END track
TAG track
	startAt=1251148044
	chartPosition=
	name=Inna
	artistName=Hot (Play & Win Radio Version)
	artistSongs=23109
	playCount=9244
	duration=216
	id=2014548
END track
TAG track
	startAt=1251148260
	chartPosition=
	name=Flo Rida Feat. Nelly Furtado
	artistName=Jump (Disco Fries Radio Edit)
	artistSongs=1916
	playCount=605
	duration=204
	id=-57169
END track
TAG track
	startAt=1251148476
	chartPosition=
	name=Т9
	artistName=Вдох - Выдох (Ода Нашей Любви)
	artistSongs=11525
	playCount=10730
	duration=204
	id=1706647
END track
TAG track
	startAt=1251148692
	chartPosition=
	name=Bobina
	artistName=Invisible Touch (Ferry Corsten's Radio Mix)
	artistSongs=4111
	playCount=991
	duration=180
	id=2011622
END track
TAG track
	startAt=1251148908
	chartPosition=
	name=Julian White Feat. Al Johnson
	artistName=What Is Love (Club Mix)
	artistSongs=49
	playCount=49
	duration=156
	id=-9391
END track
TAG track
	startAt=1251149052
	chartPosition=
	name=In-Grid
	artistName=Le Dragueur
	artistSongs=16189
	playCount=1067
	duration=192
	id=1996601
END track
TAG track
	startAt=1251149256
	chartPosition=
	name=DJ Yankovski
	artistName=Ландыши
	artistSongs=4792
	playCount=1471
	duration=180
	id=2097408
END track
TAG track
	startAt=1251149508
	chartPosition=
	name=Jennifer Lopez
	artistName=Hold It Don't Drop It (Moto Blanco Remix)
	artistSongs=45024
	playCount=707
	duration=168
	id=-666
END track
TAG track
	startAt=1251149892
	chartPosition=
	name=John Biancale
	artistName=Up And Down (Paolo Ortelli Vs Degree Edit)
	artistSongs=886
	playCount=886
	duration=192
	id=1932605
END track
TAG track
	startAt=1251150084
	chartPosition=
	name=John Karen
	artistName=It's Alright (David May Pres. Radio Gaga Remix Radio Edit)
	artistSongs=838
	playCount=683
	duration=180
	id=-40280
END track
TAG track
	startAt=1251162624
	chartPosition=
	name=Sunlounger
	artistName=Lost (Aly & Fila Remix)
	artistSongs=4569
	playCount=3958
	duration=60
	id=1932501
END track
TAG track
	startAt=1251162708
	chartPosition=
	name=Michael Jackson
	artistName=The Girl Is Mine 2008 With Will.i.am
	artistSongs=35361
	playCount=128
	duration=192
	id=1551192
END track
TAG track
	startAt=1251162888
	chartPosition=
	name=Big Ali
	artistName=Neon Music Remix 2009 By Soundshakerz
	artistSongs=1334
	playCount=926
	duration=204
	id=1877533
END track
TAG track
	startAt=1251163092
	chartPosition=
	name=Ian Carey
	artistName=Redlight (Original Mix)
	artistSongs=15582
	playCount=11452
	duration=180
	id=1868531
END track
TAG track
	startAt=1251163272
	chartPosition=
	name=Evro Vs Status Quo
	artistName=You're In The Army Now
	artistSongs=485
	playCount=485
	duration=156
	id=-14759
END track
TAG track
	startAt=1251163452
	chartPosition=62
	name=Antoine Clamaran
	artistName=Gold (Radio Edit)
	artistSongs=11260
	playCount=3700
	duration=192
	id=-34213
END track
TAG track
	startAt=1251163644
	chartPosition=
	name=Snoop Dogg
	artistName=Sensual Seduction (Wideboys Club Mix)
	artistSongs=5663
	playCount=1773
	duration=168
	id=-1052
END track
TAG track
	startAt=1251163860
	chartPosition=
	name=23:45 & 5ivesta Family
	artistName=Я Буду
	artistSongs=12990
	playCount=10732
	duration=168
	id=1927585
END track
TAG track
	startAt=1251164028
	chartPosition=
	name=Flo Rida
	artistName=Sugar (Album Version)
	artistSongs=13941
	playCount=1689
	duration=168
	id=2004308
END track
TAG track
	startAt=1251164244
	chartPosition=
	name=David Tavare
	artistName=Can You Feel The Love Tonight
	artistSongs=11589
	playCount=2282
	duration=192
	id=1929736
END track
TAG track
	startAt=1251164832
	chartPosition=
	name=Мэри Club
	artistName=Далеко
	artistSongs=233
	playCount=233
	duration=216
	id=-54310
END track
TAG track
	startAt=1251165132
	chartPosition=
	name=Morandi
	artistName=Angels (Love Is The Answer)
	artistSongs=32440
	playCount=15067
	duration=180
	id=1558909
END track
TAG track
	startAt=1251165312
	chartPosition=66
	name=Pitbull
	artistName=I Know You Want Me (Calle Ocho)
	artistSongs=15449
	playCount=11623
	duration=168
	id=1914081
END track
TAG track
	startAt=1251165480
	chartPosition=
	name=Sophie Ellis Bextor
	artistName=Murder On The Dancefloor
	artistSongs=7578
	playCount=733
	duration=132
	id=822837
END track
TAG track
	startAt=1251165660
	chartPosition=
	name=Kate Ryan
	artistName=Ella Elle L'a
	artistSongs=14211
	playCount=6209
	duration=192
	id=1956689
END track
TAG track
	startAt=1251165840
	chartPosition=
	name=DJ Layla Feat. Alissa
	artistName=Single Lady
	artistSongs=11830
	playCount=11830
	duration=192
	id=-54597
END track
TAG track
	startAt=1251166032
	chartPosition=
	name=Akcent
	artistName=On And On (Stay With Me)
	artistSongs=16243
	playCount=11116
	duration=216
	id=-16951
END track
TAG track
	startAt=1251166272
	chartPosition=
	name=Madonna
	artistName=Celebration (Album Version)
	artistSongs=100079
	playCount=6512
	duration=192
	id=1919974
END track
TAG track
	startAt=1251166476
	chartPosition=
	name=Filter Funk
	artistName=S.O.S. (Message In A Bottle) (Hi Tack Radio Edit)
	artistSongs=3027
	playCount=951
	duration=156
	id=1178417
END track
TAG track
	startAt=1251166860
	chartPosition=
	name=Дмитрий Маликов
	artistName=Моя Моя (DJ Vini Dub)
	artistSongs=60514
	playCount=564
	duration=144
	id=-39127
END track
TAG track
	startAt=1251167088
	chartPosition=
	name=Guru Josh Project
	artistName=Infinity 2008 (Klaas Remix Edit)
	artistSongs=16473
	playCount=13518
	duration=156
	id=1633632
END track
TAG track
	startAt=1251167088
	chartPosition=
	name=Guru Josh Project
	artistName=Infinity 2008 (Klaas Remix Edit)
	artistSongs=16473
	playCount=13518
	duration=156
	id=1633632
END track
TAG track
	startAt=1251167244
	chartPosition=
	name=DJ Nejtrino Feat. Никита Малинин & Эл Рей
	artistName=Seviyorum (I Love You Babe)
	artistSongs=1489
	playCount=1372
	duration=216
	id=-54311
END track
TAG track
	startAt=1251167544
	chartPosition=
	name=Velvet
	artistName=Rock Down To Electric Avenue
	artistSongs=4731
	playCount=1955
	duration=180
	id=-908
END track
TAG track
	startAt=1251167736
	chartPosition=
	name=Bobina
	artistName=Invisible Touch (Ferry Corsten's Radio Mix)
	artistSongs=4111
	playCount=991
	duration=180
	id=2011622
END track
TAG track
	startAt=1251167916
	chartPosition=
	name=Camille Jones
	artistName=Get Me Out (Fedde Le Grand Remix)
	artistSongs=3159
	playCount=1459
	duration=204
	id=-51761
END track
TAG track
	startAt=1251168144
	chartPosition=
	name=Lady GaGa
	artistName=Poker Face (Jody Den Broeder Remix)
	artistSongs=54384
	playCount=2369
	duration=204
	id=1840341
END track
TAG track
	startAt=1251168708
	chartPosition=
	name=P.Diddy & Keyshia Cole
	artistName=Last Night (Remix)
	artistSongs=4066
	playCount=498
	duration=180
	id=-1343
END track
TAG track
	startAt=1251168888
	chartPosition=
	name=David May
	artistName=Superstar
	artistSongs=2860
	playCount=261
	duration=204
	id=1789723
END track
TAG track
	startAt=1251169092
	chartPosition=
	name=IIO
	artistName=Rapture
	artistSongs=2586
	playCount=1048
	duration=132
	id=1278731
END track
TAG track
	startAt=1251169248
	chartPosition=
	name=Arash Feat. Helena
	artistName=Pure Love (Mary Angel Radio Edit)
	artistSongs=16596
	playCount=1756
	duration=144
	id=-28734
END track
TAG track
	startAt=1251169440
	chartPosition=
	name=Пепел Роза
	artistName=С Неба Вода
	artistSongs=6695
	playCount=2508
	duration=192
	id=1927580
END track
TAG track
	startAt=1251169620
	chartPosition=
	name=The Egg
	artistName=Walking Away (Tocadisco's Acid Walk Mix)
	artistSongs=1027
	playCount=790
	duration=228
	id=1161868
END track
TAG track
	startAt=1251169884
	chartPosition=
	name=Flo Rida Feat. Nelly Furtado
	artistName=Jump (Disco Fries Radio Edit)
	artistSongs=1916
	playCount=605
	duration=216
	id=-57169
END track
TAG track
	startAt=1251170100
	chartPosition=
	name=Aquagen
	artistName=Hard To Say I'm Sorry 2k9
	artistSongs=1419
	playCount=1334
	duration=192
	id=1840298
END track
TAG track
	startAt=1251170292
	chartPosition=
	name=Playmen Feat. Reckless
	artistName=Together Forever
	artistSongs=663
	playCount=342
	duration=180
	id=1876277
END track
TAG track
	startAt=1251170520
	chartPosition=
	name=X-Mode & DJ Нил
	artistName=La Peregrination (Животные)
	artistSongs=5431
	playCount=4150
	duration=144
	id=1277116
END track
TAG track
	startAt=1251170676
	chartPosition=
	name=Serge Devant Feat. Hadley
	artistName=Addicted
	artistSongs=11313
	playCount=11120
	duration=180
	id=1927706
END track
TAG track
	startAt=1251170892
	chartPosition=
	name=Tom Novy Feat. Abigail Bailey
	artistName=Runaway (Original Mix)
	artistSongs=976
	playCount=725
	duration=96
	id=-2750
END track
TAG track
	startAt=1251171120
	chartPosition=
	name=Сергей Лазарев
	artistName=Stereo (HarDrum Remix)
	artistSongs=26708
	playCount=3527
	duration=204
	id=-41650
END track
TAG track
	startAt=1251171324
	chartPosition=
	name=Ika
	artistName=Держи Меня За Руку
	artistSongs=11571
	playCount=7817
	duration=192
	id=2104599
END track
TAG track
	startAt=1251171516
	chartPosition=
	name=Yanou Feat. Anita Davis
	artistName=Brighter Day (R.I.O. Remix)
	artistSongs=1551
	playCount=1132
	duration=204
	id=-38538
END track
TAG track
	startAt=1251171768
	chartPosition=
	name=Moby
	artistName=Disco Lies (Spencer & Hill Remix)
	artistSongs=24289
	playCount=2179
	duration=204
	id=1770081
END track
TAG track
	startAt=1251171972
	chartPosition=
	name=DJ Project & Connect - R
	artistName=Say Good Bye
	artistSongs=1271
	playCount=1271
	duration=204
	id=-54595
END track
TAG track
	startAt=1251172344
	chartPosition=
	name=The Black Eyed Peas
	artistName=Let's Get It Started
	artistSongs=26934
	playCount=2223
	duration=180
	id=825224
END track
TAG track
	startAt=1251172524
	chartPosition=
	name=Mike Candys
	artistName=La Disco Loca (Christopher S Horny Remix)
	artistSongs=538
	playCount=375
	duration=180
	id=-54316
END track
TAG track
	startAt=1251172716
	chartPosition=
	name=Akcent
	artistName=That's My Name
	artistSongs=16243
	playCount=1017
	duration=120
	id=2115421
END track
TAG track
	startAt=1251172884
	chartPosition=
	name=Allysia
	artistName=Открой Мое Сердце
	artistSongs=4096
	playCount=440
	duration=192
	id=-51758
END track
TAG track
	startAt=1251173076
	chartPosition=
	name=Ercola Feat. Daniella
	artistName=Every Word
	artistSongs=1179
	playCount=1179
	duration=192
	id=-24235
END track
TAG track
	startAt=1251173280
	chartPosition=
	name=No Tone Feat. Inusa Dawuda
	artistName=Down Down Down (Nerio's Dubwork Mix)
	artistSongs=7744
	playCount=7744
	duration=216
	id=1696641
END track
TAG track
	startAt=1251173880
	chartPosition=
	name=Dennis Christopher
	artistName=Set It Off (Ian Carey & Brad Holland Mix)
	artistSongs=2040
	playCount=1508
	duration=204
	id=1838517
END track
TAG track
	startAt=1251174216
	chartPosition=
	name=Erika
	artistName=I Don't Know
	artistSongs=3812
	playCount=3745
	duration=36
	id=916068
END track
TAG track
	startAt=1251174264
	chartPosition=
	name=Italian Disco Mafia
	artistName=L'italiano (DJ Kharma Mighty & Atom Spaghetti House Mix)
	artistSongs=350
	playCount=350
	duration=192
	id=-54600
END track
TAG track
	startAt=1251174456
	chartPosition=
	name=Safri Duo
	artistName=Rise
	artistSongs=2190
	playCount=310
	duration=228
	id=-1239
END track
TAG track
	startAt=1251174732
	chartPosition=
	name=Le Vernissage
	artistName=Je T'aime (Bodo Turner Remix)
	artistSongs=1073
	playCount=1073
	duration=168
	id=-50500
END track
TAG track
	startAt=1251174912
	chartPosition=
	name=Wideboys Feat. Dennis G
	artistName=Sambuca (The Return) (Original Radio Edit)
	artistSongs=1174
	playCount=407
	duration=180
	id=-38015
END track
TAG track
	startAt=1251175092
	chartPosition=
	name=Sonic Palms
	artistName=On The Beach (Club Mix)
	artistSongs=9951
	playCount=8994
	duration=216
	id=1932609
END track
TAG track
	startAt=1251175368
	chartPosition=
	name=Freemasons
	artistName=Heartbreak (Make Me A Dancer) (Radio Edit)
	artistSongs=5484
	playCount=254
	duration=204
	id=1891293
END track
TAG track
	startAt=1251175560
	chartPosition=
	name=John Biancale
	artistName=Up And Down (Paolo Ortelli Vs Degree Edit)
	artistSongs=886
	playCount=886
	duration=192
	id=1932605
END track
TAG track
	startAt=1251176232
	chartPosition=
	name=DJs From Mars
	artistName=Don't Give Up
	artistSongs=478
	playCount=458
	duration=192
	id=-51757
END track
TAG track
	startAt=1251176520
	chartPosition=
	name=Michael Mind
	artistName=Love's Gonna Get You
	artistSongs=8749
	playCount=2106
	duration=180
	id=1871058
END track
TAG track
	startAt=1251176712
	chartPosition=
	name=Винтаж
	artistName=Ева (DJ Hitretz Radio Mix)
	artistSongs=39579
	playCount=301
	duration=204
	id=-54317
END track
TAG track
	startAt=1251176916
	chartPosition=66
	name=Pitbull
	artistName=I Know You Want Me (Calle Ocho)
	artistSongs=15449
	playCount=11623
	duration=168
	id=1914081
END track
TAG track
	startAt=1251177096
	chartPosition=
	name=Mauro Picotto
	artistName=Everybadi (Fonzerelli Mix)
	artistSongs=1121
	playCount=556
	duration=168
	id=-901
END track
TAG track
	startAt=1251177444
	chartPosition=
	name=Katerine
	artistName=Ayo Technology
	artistSongs=1267
	playCount=1267
	duration=204
	id=-48796
END track
TAG track
	startAt=1251177744
	chartPosition=
	name=DJ Sammy
	artistName=Why
	artistSongs=467
	playCount=310
	duration=72
	id=1167828
END track
TAG track
	startAt=1251177828
	chartPosition=
	name=DJ Yankovski
	artistName=Ландыши
	artistSongs=4792
	playCount=1471
	duration=180
	id=2097408
END track
TAG track
	startAt=1251178008
	chartPosition=
	name=In-Grid
	artistName=Le Dragueur
	artistSongs=16189
	playCount=1067
	duration=192
	id=1996601
END track
TAG track
	startAt=1251178260
	chartPosition=
	name=Seventh Son and Ethan North
	artistName=Adagio For Strings (Radio Mix)
	artistSongs=586
	playCount=586
	duration=204
	id=-39625
END track
TAG track
	startAt=1251178560
	chartPosition=
	name=Richard Grey
	artistName=One More Time
	artistSongs=2389
	playCount=583
	duration=192
	id=-41573
END track
TAG track
	startAt=1251178800
	chartPosition=72
	name=Scooter
	artistName=J'adore Hardcore
	artistSongs=4530
	playCount=533
	duration=216
	id=1942610
END track
TAG track
	startAt=1251179016
	chartPosition=
	name=Банд'Эрос
	artistName=Адьес
	artistSongs=47662
	playCount=10849
	duration=216
	id=1725740
END track
TAG track
	startAt=1251179232
	chartPosition=
	name=Tinchy Stryder Feat. N-Dubz
	artistName=Number 1 (Bimbo Jones Remix)
	artistSongs=7843
	playCount=731
	duration=192
	id=1853549
END track
TAG track
	startAt=1251179508
	chartPosition=
	name=Despina Vandi Vs Gia
	artistName=Come Along Now
	artistSongs=148
	playCount=148
	duration=144
	id=684045
END track
TAG track
	startAt=1251179652
	chartPosition=62
	name=Antoine Clamaran
	artistName=Gold (Radio Edit)
	artistSongs=11260
	playCount=3700
	duration=192
	id=-34213
END track
TAG track
	startAt=1251179880
	chartPosition=
	name=МакSим
	artistName=Не Отдам (Kirbas Electro Mix)
	artistSongs=73537
	playCount=670
	duration=72
	id=-37328
END track
TAG track
	startAt=1251180060
	chartPosition=
	name=DJ Nejtrino Feat. Никита Малинин & Эл Рей
	artistName=Seviyorum (I Love You Babe)
	artistSongs=1489
	playCount=1372
	duration=216
	id=-54311
END track
TAG track
	startAt=1251180312
	chartPosition=78
	name=Darius & Finlay
	artistName=Do It All Night (Original Radio Mix)
	artistSongs=6341
	playCount=5344
	duration=144
	id=-32625
END track
TAG track
	startAt=1251180480
	chartPosition=
	name=Laurent Wery
	artistName=Hear My Sound
	artistSongs=494
	playCount=443
	duration=180
	id=-49077
END track
TAG track
	startAt=1251180684
	chartPosition=
	name=Katy Perry
	artistName=Hot N Cold (Manhattan Clique Remix)
	artistSongs=28487
	playCount=1724
	duration=132
	id=1724337
END track
TAG track
	startAt=1251181068
	chartPosition=
	name=Lissen2
	artistName=Два Билета
	artistSongs=1224
	playCount=1223
	duration=192
	id=1889593
END track
TAG track
	startAt=1251181320
	chartPosition=
	name=Antonie Clamaran Vs Frankie Goes To Hollywood
	artistName=Relax (Radio Edit)
	artistSongs=302
	playCount=302
	duration=120
	id=-877
END track
TAG track
	startAt=1251181440
	chartPosition=
	name=DJ Layla Feat. Alissa
	artistName=Single Lady
	artistSongs=11830
	playCount=11830
	duration=180
	id=-54597
END track
TAG track
	startAt=1251181632
	chartPosition=
	name=Centr & Баста
	artistName=Город Дорог
	artistSongs=3044
	playCount=3044
	duration=192
	id=1513289
END track
TAG track
	startAt=1251181860
	chartPosition=
	name=Sunlounger
	artistName=Lost (Aly & Fila Remix)
	artistSongs=4569
	playCount=3958
	duration=192
	id=1932501
END track
TAG track
	startAt=1251182172
	chartPosition=
	name=Eric Prydz Vs Floyd
	artistName=Proper Education (Radio Edit)
	artistSongs=8065
	playCount=7564
	duration=192
	id=1350637
END track
TAG track
	startAt=1251182664
	chartPosition=
	name=Yves Larock
	artistName=Rise Up (Radio Edit)
	artistSongs=20764
	playCount=14135
	duration=204
	id=1468597
END track
TAG track
	startAt=1251182868
	chartPosition=
	name=Gala
	artistName=A Friend Of Joshua (Steve Forest & Paul Simon Edit)
	artistSongs=2397
	playCount=151
	duration=144
	id=-57171
END track
TAG track
	startAt=1251183108
	chartPosition=
	name=Bosson
	artistName=One In A Million (Remix)
	artistSongs=10878
	playCount=2753
	duration=132
	id=792337
END track
TAG track
	startAt=1251183240
	chartPosition=
	name=23:45 & 5ivesta Family
	artistName=Я Буду
	artistSongs=12990
	playCount=10732
	duration=180
	id=1927585
END track
TAG track
	startAt=1251183420
	chartPosition=
	name=Madcon
	artistName=Beggin' (Remix)
	artistSongs=16587
	playCount=2813
	duration=156
	id=-1829
END track
TAG track
	startAt=1251183876
	chartPosition=
	name=Erick E
	artistName=The Beat Is Rockin' (Simmons & Christopher Remix)
	artistSongs=10632
	playCount=1473
	duration=120
	id=1515421
END track
TAG track
	startAt=1251183996
	chartPosition=
	name=DJ Project & Connect - R
	artistName=Say Good Bye
	artistSongs=1271
	playCount=1271
	duration=216
	id=-54595
END track
TAG track
	startAt=1251184212
	chartPosition=
	name=DJ Antoine
	artistName=This Time
	artistSongs=2946
	playCount=1205
	duration=168
	id=1424135
END track
TAG track
	startAt=1251184596
	chartPosition=
	name=DJ Boyko & Sound Shocking
	artistName=Я Для Тебя
	artistSongs=1348
	playCount=353
	duration=240
	id=1676071
END track
TAG track
	startAt=1251184872
	chartPosition=
	name=Gunter Feat. Samantha Fox
	artistName=Touch Me (Dj Aligator Mix)
	artistSongs=106
	playCount=106
	duration=120
	id=-22282
END track
TAG track
	startAt=1251185016
	chartPosition=
	name=Inna
	artistName=Hot (Play & Win Radio Version)
	artistSongs=23109
	playCount=9244
	duration=204
	id=2014548
END track
TAG track
	startAt=1251185232
	chartPosition=
	name=Пепел Роза
	artistName=С Неба Вода
	artistSongs=6695
	playCount=2508
	duration=180
	id=1927580
END track
TAG track
	startAt=1251185460
	chartPosition=
	name=Beyonce
	artistName=Green Light (Freemasons Remix)
	artistSongs=32676
	playCount=7103
	duration=192
	id=-166
END track
TAG track
	startAt=1251185844
	chartPosition=
	name=Crazy Town
	artistName=Butterfly (DJ Vini Remix)
	artistSongs=3262
	playCount=163
	duration=180
	id=-39800
END track
TAG track
	startAt=1251186240
	chartPosition=
	name=Serge Devant Feat. Hadley
	artistName=Addicted
	artistSongs=11313
	playCount=11120
	duration=180
	id=1927706
END track
TAG track
	startAt=1251186624
	chartPosition=
	name=Fedo Mora & Camurri
	artistName=After The Rain
	artistSongs=1183
	playCount=1158
	duration=144
	id=1751219
END track
TAG track
	startAt=1251186768
	chartPosition=
	name=Bobina
	artistName=Invisible Touch (Ferry Corsten's Radio Mix)
	artistSongs=4111
	playCount=991
	duration=192
	id=2011622
END track
TAG track
	startAt=1251186984
	chartPosition=
	name=David Guetta Feat. Kelly Rowland
	artistName=When Love Takes Over
	artistSongs=9221
	playCount=8622
	duration=168
	id=1899768
END track
TAG track
	startAt=1251187236
	chartPosition=
	name=Le Vernissage
	artistName=Je T'aime (Bodo Turner Remix)
	artistSongs=1073
	playCount=1073
	duration=168
	id=-50500
END track
TAG track
	startAt=1251187404
	chartPosition=
	name=Basic Element
	artistName=To You
	artistSongs=20811
	playCount=4424
	duration=168
	id=2004014
END track
TAG track
	startAt=1251187596
	chartPosition=
	name=Akcent
	artistName=That's My Name
	artistSongs=16243
	playCount=1017
	duration=144
	id=2115421
END track
TAG track
	startAt=1251187800
	chartPosition=
	name=Madonna
	artistName=Celebration (Album Version)
	artistSongs=100079
	playCount=6512
	duration=168
	id=1919974
END track
TAG track
	startAt=1251188172
	chartPosition=
	name=Akon
	artistName=Beautiful (Tracy Young Monster Club Rap Mix)
	artistSongs=15301
	playCount=75
	duration=192
	id=1855289
END track
TAG track
	startAt=1251188184
	chartPosition=
	name=Akon
	artistName=Beautiful (Tracy Young Monster Club Rap Mix)
	artistSongs=15301
	playCount=75
	duration=180
	id=1855289
END track
TAG track
	startAt=1251188424
	chartPosition=
	name=Aly & AJ
	artistName=Potential Breakup Song
	artistSongs=10762
	playCount=10489
	duration=144
	id=1455852
END track
TAG track
	startAt=1251188556
	chartPosition=
	name=David Tavare
	artistName=Can You Feel The Love Tonight
	artistSongs=11589
	playCount=2282
	duration=180
	id=1929736
END track
TAG track
	startAt=1251188736
	chartPosition=
	name=МакSим
	artistName=Мой Рай - Remix DJVini (DяgileV Proжekt)
	artistSongs=73537
	playCount=1644
	duration=204
	id=1516000
END track
TAG track
	startAt=1251189036
	chartPosition=
	name=Ercola Feat. Daniella
	artistName=Every Word
	artistSongs=1179
	playCount=1179
	duration=192
	id=-24235
END track
TAG track
	startAt=1251189420
	chartPosition=
	name=Playmen Feat. Reckless
	artistName=Together Forever
	artistSongs=663
	playCount=342
	duration=216
	id=1876277
END track
TAG track
	startAt=1251189672
	chartPosition=
	name=Big Ali
	artistName=Neon Music Remix 2009 By Soundshakerz
	artistSongs=1334
	playCount=926
	duration=192
	id=1877533
END track
TAG track
	startAt=1251189876
	chartPosition=
	name=Enrique Iglesias
	artistName=Tired Of Being Sorry (Ean Sugarman And Funky Guitar Mix)
	artistSongs=53370
	playCount=194
	duration=204
	id=1496945
END track
TAG track
	startAt=1251190248
	chartPosition=
	name=Nek
	artistName=La Vita E (Eiffel 65 Remix)
	artistSongs=3258
	playCount=1952
	duration=132
	id=729432
END track
TAG track
	startAt=1251190584
	chartPosition=
	name=Ida Corr Vs Fedde Le Grand
	artistName=Let Me Think About It (Fedde Le Grand Club Mix)
	artistSongs=7134
	playCount=6697
	duration=180
	id=1475145
END track
TAG track
	startAt=1251190956
	chartPosition=
	name=Oceanlab
	artistName=Lonely Girl (Radio Edit)
	artistSongs=1890
	playCount=352
	duration=168
	id=1886570
END track
TAG track
	startAt=1251191124
	chartPosition=62
	name=Antoine Clamaran
	artistName=Gold (Radio Edit)
	artistSongs=11260
	playCount=3700
	duration=192
	id=-34213
END track
TAG track
	startAt=1251191424
	chartPosition=
	name=Sonic Palms
	artistName=On The Beach (Club Mix)
	artistSongs=9951
	playCount=8994
	duration=204
	id=1932609
END track
TAG track
	startAt=1251191748
	chartPosition=
	name=DJ Yankovski
	artistName=Ландыши
	artistSongs=4792
	playCount=1471
	duration=180
	id=2097408
END track
TAG track
	startAt=1251192192
	chartPosition=
	name=Camille Jones
	artistName=Get Me Out (Fedde Le Grand Remix)
	artistSongs=3159
	playCount=1459
	duration=192
	id=-51761
END track
TAG track
	startAt=1251192732
	chartPosition=
	name=Flo Rida Feat. Nelly Furtado
	artistName=Jump (Disco Fries Radio Edit)
	artistSongs=1916
	playCount=605
	duration=204
	id=-57169
END track
TAG track
	startAt=1251193296
	chartPosition=
	name=Dennis Christopher
	artistName=Set It Off (Ian Carey & Brad Holland Mix)
	artistSongs=2040
	playCount=1508
	duration=192
	id=1838517
END track
TAG track
	startAt=1251193596
	chartPosition=
	name=Lissen2
	artistName=Два Билета
	artistSongs=1224
	playCount=1223
	duration=192
	id=1889593
END track
TAG track
	startAt=1251193824
	chartPosition=
	name=Alcazar
	artistName=Burning
	artistSongs=4400
	playCount=437
	duration=144
	id=1858354
END track
TAG track
	startAt=1251194052
	chartPosition=
	name=DJs From Mars
	artistName=Don't Give Up
	artistSongs=478
	playCount=458
	duration=192
	id=-51757
END track
TAG track
	startAt=1251194268
	chartPosition=66
	name=Pitbull
	artistName=I Know You Want Me (Calle Ocho)
	artistSongs=15449
	playCount=11623
	duration=168
	id=1914081
END track
TAG track
	startAt=1251194472
	chartPosition=63
	name=A. R. Rahman Feat. The Pussycat Dolls
	artistName=Jai Ho (DJ Fisun Remix)
	artistSongs=921
	playCount=921
	duration=168
	id=-32626
END track
TAG track
	startAt=1251194652
	chartPosition=
	name=DJ Layla Feat. Alissa
	artistName=Single Lady
	artistSongs=11830
	playCount=11830
	duration=180
	id=-54597
END track
TAG track
	startAt=1251194832
	chartPosition=
	name=Mike Candys
	artistName=La Disco Loca (Christopher S Horny Remix)
	artistSongs=538
	playCount=375
	duration=168
	id=-54316
END track
TAG track
	startAt=1251195024
	chartPosition=
	name=Yanou
	artistName=Children Of The Sun (R.i.o. Radio Edit)
	artistSongs=6164
	playCount=5978
	duration=180
	id=1624686
END track
TAG track
	startAt=1251195444
	chartPosition=
	name=Tinchy Stryder Feat. N-Dubz
	artistName=Number 1 (Bimbo Jones Remix)
	artistSongs=7843
	playCount=731
	duration=192
	id=1853549
END track
TAG track
	startAt=1251195648
	chartPosition=
	name=Safri Duo
	artistName=All The People In The World (Album Version)
	artistSongs=2190
	playCount=243
	duration=120
	id=2061959
END track
TAG track
	startAt=1251195804
	chartPosition=
	name=DJ Nejtrino Feat. Никита Малинин & Эл Рей
	artistName=Seviyorum (I Love You Babe)
	artistSongs=1489
	playCount=1372
	duration=216
	id=-54311
END track
TAG track
	startAt=1251196020
	chartPosition=
	name=K-Maro
	artistName=Let's Go
	artistSongs=18965
	playCount=8014
	duration=204
	id=1443800
END track
TAG track
	startAt=1251196272
	chartPosition=
	name=Katerine
	artistName=Ayo Technology
	artistSongs=1267
	playCount=1267
	duration=204
	id=-48796
END track
TAG track
	startAt=1251196680
	chartPosition=
	name=David May
	artistName=Superstar
	artistSongs=2860
	playCount=261
	duration=192
	id=1789723
END track
TAG track
	startAt=1251197076
	chartPosition=
	name=Phats & Small
	artistName=Sweet Dreams
	artistSongs=1399
	playCount=891
	duration=192
	id=1275719
END track
TAG track
	startAt=1251197412
	chartPosition=
	name=R.I.O.
	artistName=When The Sun Comes Down (Maddin Radio Edit)
	artistSongs=23798
	playCount=3019
	duration=96
	id=1726026
END track
TAG track
	startAt=1251197544
	chartPosition=
	name=DJ Smash Vs Alex Gaudino Feat. Dhany
	artistName=Moscow Never Sleeps
	artistSongs=551
	playCount=551
	duration=192
	id=-54589
END track
TAG track
	startAt=1251197736
	chartPosition=
	name=Bob Taylor & Inna
	artistName=Deja-Vu (DJ Jonnessei Feat. Play & Win Extended Club Version)
	artistSongs=7357
	playCount=7357
	duration=180
	id=-37303
END track
TAG track
	startAt=1251198012
	chartPosition=
	name=Tristan Gardner
	artistName=Give Love
	artistSongs=9800
	playCount=9800
	duration=216
	id=1735108
END track
TAG track
	startAt=1251198228
	chartPosition=
	name=Пепел Роза
	artistName=С Неба Вода
	artistSongs=6695
	playCount=2508
	duration=192
	id=1927580
END track
TAG track
	startAt=1251198420
	chartPosition=
	name=John Biancale
	artistName=Up And Down (Paolo Ortelli Vs Degree Edit)
	artistSongs=886
	playCount=886
	duration=180
	id=1932605
END track
TAG track
	startAt=1251198612
	chartPosition=72
	name=Scooter
	artistName=J'adore Hardcore
	artistSongs=4530
	playCount=533
	duration=192
	id=1942610
END track
TAG track
	startAt=1251198996
	chartPosition=64
	name=Paul Van Dyk
	artistName=For An Angel 2009
	artistSongs=12156
	playCount=10244
	duration=180
	id=1899780
END track
TAG track
	startAt=1251199248
	chartPosition=
	name=Ivory
	artistName=Ghostbusters
	artistSongs=388
	playCount=154
	duration=156
	id=1558631
END track
TAG track
	startAt=1251199404
	chartPosition=
	name=23:45 & 5ivesta Family
	artistName=Я Буду
	artistSongs=12990
	playCount=10732
	duration=168
	id=1927585
END track
TAG track
	startAt=1251199572
	chartPosition=
	name=Benassi Bros Feat Sandy
	artistName=Illusion
	artistSongs=1650
	playCount=1650
	duration=192
	id=922903
END track
TAG track
	startAt=1251199848
	chartPosition=
	name=DJ Project & Connect - R
	artistName=Say Good Bye
	artistSongs=1271
	playCount=1271
	duration=192
	id=-54595
END track
TAG track
	startAt=1251200148
	chartPosition=
	name=David Guetta
	artistName=The World Is Mine
	artistSongs=30768
	playCount=2600
	duration=180
	id=837882
END track
TAG track
	startAt=1251200328
	chartPosition=
	name=Laurent Wery
	artistName=Hear My Sound
	artistSongs=494
	playCount=443
	duration=156
	id=-49077
END track
TAG track
	startAt=1251200532
	chartPosition=
	name=Italian Disco Mafia
	artistName=L'italiano (DJ Kharma Mighty & Atom Spaghetti House Mix)
	artistSongs=350
	playCount=350
	duration=192
	id=-54600
END track
TAG track
	startAt=1251200724
	chartPosition=
	name=Lexter
	artistName=Freedom To Love
	artistSongs=14668
	playCount=13826
	duration=228
	id=1561802
END track
TAG track
	startAt=1251201096
	chartPosition=
	name=Serge Devant Feat. Hadley
	artistName=Addicted
	artistSongs=11313
	playCount=11120
	duration=168
	id=1927706
END track
TAG track
	startAt=1251201264
	chartPosition=
	name=Sunlounger
	artistName=Lost (Aly & Fila Remix)
	artistSongs=4569
	playCount=3958
	duration=192
	id=1932501
END track
TAG track
	startAt=1251201468
	chartPosition=
	name=Cidinho & Doca
	artistName=Rap Das Armas
	artistSongs=1500
	playCount=1417
	duration=168
	id=1719348
END track
TAG track
	startAt=1251201684
	chartPosition=
	name=Seventh Son and Ethan North
	artistName=Adagio For Strings (Radio Mix)
	artistSongs=586
	playCount=586
	duration=192
	id=-39625
END track
TAG track
	startAt=1251201876
	chartPosition=
	name=Akon
	artistName=Right Now (Na-Na-Na) (Mike Rizzo Radio Mix)
	artistSongs=15301
	playCount=471
	duration=180
	id=-29867
END track
TAG track
	startAt=1251202056
	chartPosition=
	name=Ercola Feat. Daniella
	artistName=Every Word
	artistSongs=1179
	playCount=1179
	duration=192
	id=-24235
END track
TAG track
	startAt=1251202680
	chartPosition=
	name=Alexander Rybak
	artistName=Fairytale (Holter Erixson Remix)
	artistSongs=5233
	playCount=1588
	duration=156
	id=-47277
END track
TAG track
	startAt=1251202884
	chartPosition=
	name=David Guetta Feat. Cozi
	artistName=Baby When The Light
	artistSongs=9332
	playCount=9239
	duration=156
	id=1450758
END track
TAG track
	startAt=1251203052
	chartPosition=
	name=Bobina
	artistName=Invisible Touch (Ferry Corsten's Radio Mix)
	artistSongs=4111
	playCount=991
	duration=180
	id=2011622
END track
TAG track
	startAt=1251203232
	chartPosition=
	name=Katy Perry
	artistName=I Kissed A Girl (Jason Nevins Funkrokr Extended Mix)
	artistSongs=28487
	playCount=2708
	duration=204
	id=1663012
END track
TAG track
	startAt=1251203484
	chartPosition=
	name=Le Vernissage
	artistName=Je T'aime (Bodo Turner Remix)
	artistSongs=1073
	playCount=1073
	duration=180
	id=-50500
END track
TAG track
	startAt=1251203664
	chartPosition=
	name=Laurent Wolf
	artistName=No Stress
	artistSongs=19365
	playCount=11118
	duration=192
	id=1593266
END track
TAG track
	startAt=1251204108
	chartPosition=
	name=DJ Antony Vs Stone Sour
	artistName=Through Glass
	artistSongs=358
	playCount=358
	duration=216
	id=-21950
END track
TAG track
	startAt=1251204336
	chartPosition=
	name=Michael Mind
	artistName=Love's Gonna Get You
	artistSongs=8749
	playCount=2106
	duration=180
	id=1871058
END track
TAG track
	startAt=1251204624
	chartPosition=
	name=Ian Carey
	artistName=Redlight (Original Mix)
	artistSongs=15582
	playCount=11452
	duration=180
	id=1868531
END track
TAG track
	startAt=1251204864
	chartPosition=
	name=Marius (Ex-Akcent) Feat. Giulia
	artistName=Rain
	artistSongs=13945
	playCount=13945
	duration=96
	id=-28886
END track
TAG track
	startAt=1251205284
	chartPosition=
	name=Playmen Feat. Reckless
	artistName=Together Forever
	artistSongs=663
	playCount=342
	duration=180
	id=1876277
END track
TAG track
	startAt=1251205500
	chartPosition=
	name=Robert Miles
	artistName=Children (Vd Europa Club Edit)
	artistSongs=17221
	playCount=333
	duration=180
	id=-48813
END track
TAG track
	startAt=1251205692
	chartPosition=
	name=DJ Yankovski
	artistName=Ландыши
	artistSongs=4792
	playCount=1471
	duration=180
	id=2097408
END track
TAG track
	startAt=1251205872
	chartPosition=
	name=Fragma
	artistName=Tocas Miracle (Inpetto Remix)
	artistSongs=6282
	playCount=3155
	duration=168
	id=1972530
END track
TAG track
	startAt=1251206256
	chartPosition=
	name=Gala
	artistName=A Friend Of Joshua (Steve Forest & Paul Simon Edit)
	artistSongs=2397
	playCount=151
	duration=192
	id=-57171
END track
TAG track
	startAt=1251206628
	chartPosition=
	name=Flo Rida
	artistName=Sugar (Album Version)
	artistSongs=13941
	playCount=1689
	duration=156
	id=2004308
END track
TAG track
	startAt=1251206832
	chartPosition=62
	name=Antoine Clamaran
	artistName=Gold (Radio Edit)
	artistSongs=11260
	playCount=3700
	duration=204
	id=-34213
END track
TAG track
	startAt=1251207096
	chartPosition=
	name=DJ Smash
	artistName=Лучшие Песни (Wawa Remix)
	artistSongs=20282
	playCount=2308
	duration=192
	id=-39871
END track
TAG track
	startAt=1251207408
	chartPosition=
	name=Akcent
	artistName=That's My Name
	artistSongs=16243
	playCount=1017
	duration=144
	id=2115421
END track
TAG track
	startAt=1251207588
	chartPosition=
	name=DJ Feel & Юля Паго
	artistName=Виртуаль
	artistSongs=1529
	playCount=793
	duration=168
	id=-31832
END track
TAG track
	startAt=1251207984
	chartPosition=66
	name=Pitbull
	artistName=I Know You Want Me (Calle Ocho)
	artistSongs=15449
	playCount=11623
	duration=168
	id=1914081
END track
TAG track
	startAt=1251208272
	chartPosition=
	name=Busface
	artistName=Circles (Just My Good Time) (Busface Radio Edit)
	artistSongs=234
	playCount=234
	duration=144
	id=1877504
END track
TAG track
	startAt=1251208416
	chartPosition=
	name=Deadmau5
	artistName=Clockwork
	artistSongs=4243
	playCount=2038
	duration=240
	id=-14097
END track
TAG track
	startAt=1251208656
	chartPosition=
	name=Lissen2
	artistName=Два Билета
	artistSongs=1224
	playCount=1223
	duration=180
	id=1889593
END track
TAG track
	startAt=1251208872
	chartPosition=
	name=DJ Nejtrino Feat. Никита Малинин & Эл Рей
	artistName=Seviyorum (I Love You Babe)
	artistSongs=1489
	playCount=1372
	duration=216
	id=-54311
END track
TAG track
	startAt=1251209160
	chartPosition=
	name=Jay Sean
	artistName=Ride It (Ivan Martin Club Mix)
	artistSongs=33013
	playCount=409
	duration=84
	id=-11972
END track
TAG track
	startAt=1251209280
	chartPosition=
	name=Dennis Christopher
	artistName=Set It Off (Ian Carey & Brad Holland Mix)
	artistSongs=2040
	playCount=1508
	duration=180
	id=1838517
END track
TAG track
	startAt=1251209472
	chartPosition=
	name=Madonna
	artistName=Celebration (Album Version)
	artistSongs=100079
	playCount=6512
	duration=168
	id=1919974
END track
TAG track
	startAt=1251209832
	chartPosition=
	name=Мэри Club
	artistName=Далеко
	artistSongs=233
	playCount=233
	duration=204
	id=-54310
END track
TAG track
	startAt=1251210096
	chartPosition=
	name=Fedde Le Grand
	artistName=Get This Feeling
	artistSongs=5533
	playCount=1155
	duration=132
	id=1611133
END track
TAG track
	startAt=1251210228
	chartPosition=
	name=David Guetta Feat. Kelly Rowland
	artistName=When Love Takes Over
	artistSongs=9221
	playCount=8622
	duration=180
	id=1899768
END track
TAG track
	startAt=1251210408
	chartPosition=
	name=Fall Out Boy
	artistName=Thnks Fr Th Mmrs (Lindbergh Palace Radio Edit)
	artistSongs=10343
	playCount=206
	duration=228
	id=-852
END track
TAG track
	startAt=1251210684
	chartPosition=
	name=DJ Layla Feat. Alissa
	artistName=Single Lady
	artistSongs=11830
	playCount=11830
	duration=192
	id=-54597
END track
TAG track
	startAt=1251210924
	chartPosition=
	name=Guru Josh Project
	artistName=Infinity 2008 (Klaas Remix Edit)
	artistSongs=16473
	playCount=13518
	duration=156
	id=1633632
END track
TAG track
	startAt=1251210924
	chartPosition=
	name=Guru Josh Project
	artistName=Infinity 2008 (Klaas Remix Edit)
	artistSongs=16473
	playCount=13518
	duration=156
	id=1633632
END track
TAG track
	startAt=1251211080
	chartPosition=
	name=Sonic Palms
	artistName=On The Beach (Club Mix)
	artistSongs=9951
	playCount=8994
	duration=192
	id=1932609
END track
TAG track
	startAt=1251211308
	chartPosition=
	name=DJ Boyko & Sound Shocking
	artistName=Я Для Тебя
	artistSongs=1348
	playCount=353
	duration=228
	id=1676071
END track
TAG track
	startAt=1251211536
	chartPosition=
	name=Sash! Feat. Tina Cousins
	artistName=Mysterious Times (7th Heaven Remix)
	artistSongs=2226
	playCount=798
	duration=180
	id=1563454
END track
TAG track
	startAt=1251211848
	chartPosition=
	name=Selda
	artistName=100 Pure Love (Spencer & Hill Radio Edit)
	artistSongs=1997
	playCount=1718
	duration=144
	id=1716017
END track
TAG track
	startAt=1251212004
	chartPosition=
	name=David May
	artistName=Superstar
	artistSongs=2860
	playCount=261
	duration=192
	id=1789723
END track
TAG track
	startAt=1251212196
	chartPosition=
	name=DJs From Mars
	artistName=Don't Give Up
	artistSongs=478
	playCount=458
	duration=192
	id=-51757
END track
TAG track
	startAt=1251212448
	chartPosition=
	name=Ika
	artistName=Держи Меня За Руку
	artistSongs=11571
	playCount=7817
	duration=180
	id=2104599
END track
TAG track
	startAt=1251212628
	chartPosition=
	name=DJ Project & Connect - R
	artistName=Say Good Bye
	artistSongs=1271
	playCount=1271
	duration=204
	id=-54595
END track
TAG track
	startAt=1251212832
	chartPosition=
	name=Big Ali
	artistName=Neon Music Remix 2009 By Soundshakerz
	artistSongs=1334
	playCount=926
	duration=192
	id=1877533
END track
TAG track
	startAt=1251213048
	chartPosition=
	name=The Pussycat Dolls
	artistName=Hush Hush (DJ Fisun Edit)
	artistSongs=32849
	playCount=1502
	duration=204
	id=-23987
END track
TAG track
	startAt=1251213432
	chartPosition=
	name=Katerine
	artistName=Ayo Technology
	artistSongs=1267
	playCount=1267
	duration=204
	id=-48796
END track
TAG track
	startAt=1251213708
	chartPosition=
	name=Sash!
	artistName=Adelante
	artistSongs=6914
	playCount=1550
	duration=120
	id=825109
END track
TAG track
	startAt=1251213828
	chartPosition=
	name=Пепел Роза
	artistName=С Неба Вода
	artistSongs=6695
	playCount=2508
	duration=132
	id=1927580
END track
TAG track
	startAt=1251213960
	chartPosition=
	name=Pink
	artistName=U & Ur Hand
	artistSongs=31159
	playCount=3386
	duration=192
	id=1377530
END track
TAG track
	startAt=1251214236
	chartPosition=
	name=Tinchy Stryder Feat. N-Dubz
	artistName=Number 1 (Bimbo Jones Remix)
	artistSongs=7843
	playCount=731
	duration=192
	id=1853549
END track
TAG track
	startAt=1251214572
	chartPosition=
	name=David Vendetta
	artistName=Unidos Para La Musica
	artistSongs=8508
	playCount=5809
	duration=216
	id=1401173
END track
TAG track
	startAt=1251214800
	chartPosition=
	name=Serge Devant Feat. Hadley
	artistName=Addicted
	artistSongs=11313
	playCount=11120
	duration=168
	id=1927706
END track
TAG track
	startAt=1251215004
	chartPosition=
	name=Flo Rida Feat. Nelly Furtado
	artistName=Jump (Disco Fries Radio Edit)
	artistSongs=1916
	playCount=605
	duration=216
	id=-57169
END track
TAG track
	startAt=1251215220
	chartPosition=
	name=Fm Project
	artistName=Alpenhit
	artistSongs=1152
	playCount=487
	duration=144
	id=-19485
END track
TAG track
	startAt=1251215508
	chartPosition=
	name=Justin Timberlake
	artistName=SexyBack (Poker Face Remix)
	artistSongs=18053
	playCount=383
	duration=108
	id=1234743
END track
TAG track
	startAt=1251215616
	chartPosition=
	name=David Tavare
	artistName=Can You Feel The Love Tonight
	artistSongs=11589
	playCount=2282
	duration=192
	id=1929736
END track
TAG track
	startAt=1251215808
	chartPosition=
	name=Bob Taylor & Inna
	artistName=Deja-Vu (DJ Jonnessei Feat. Play & Win Extended Club Version)
	artistSongs=7357
	playCount=7357
	duration=204
	id=-37303
END track
TAG track
	startAt=1251216072
	chartPosition=
	name=Oceanlab
	artistName=Lonely Girl (Radio Edit)
	artistSongs=1890
	playCount=352
	duration=168
	id=1886570
END track
TAG track
	startAt=1251216372
	chartPosition=
	name=DJ Nejtrino Feat. Никита Малинин & Эл Рей
	artistName=Seviyorum (I Love You Babe)
	artistSongs=1489
	playCount=1372
	duration=216
	id=-54311
END track
TAG track
	startAt=1251216696
	chartPosition=72
	name=Scooter
	artistName=J'adore Hardcore
	artistSongs=4530
	playCount=533
	duration=216
	id=1942610
END track
TAG track
	startAt=1251217272
	chartPosition=
	name=Aquapura
	artistName=17 (Radio Edit)
	artistSongs=730
	playCount=730
	duration=120
	id=-5185
END track
TAG track
	startAt=1251217500
	chartPosition=
	name=DJ Boyko & Sound Shocking
	artistName=Я Для Тебя
	artistSongs=1348
	playCount=353
	duration=228
	id=1676071
END track
TAG track
	startAt=1251217860
	chartPosition=
	name=23:45 & 5ivesta Family
	artistName=Я Буду
	artistSongs=12990
	playCount=10732
	duration=156
	id=1927585
END track
TAG track
	startAt=1251218160
	chartPosition=
	name=Marius (Ex-Akcent) Feat. Giulia
	artistName=Rain
	artistSongs=13945
	playCount=13945
	duration=132
	id=-28886
END track
TAG track
	startAt=1251218412
	chartPosition=
	name=Ercola Feat. Daniella
	artistName=Every Word
	artistSongs=1179
	playCount=1179
	duration=192
	id=-24235
END track
TAG track
	startAt=1251218892
	chartPosition=
	name=Laurent Wery
	artistName=Hear My Sound
	artistSongs=494
	playCount=443
	duration=168
	id=-49077
END track
TAG track
	startAt=1251219108
	chartPosition=
	name=Danny
	artistName=Radio (Radio Version)
	artistSongs=28602
	playCount=2839
	duration=132
	id=1876459
END track
TAG track
	startAt=1251219348
	chartPosition=
	name=Le Vernissage
	artistName=Je T'aime (Bodo Turner Remix)
	artistSongs=1073
	playCount=1073
	duration=168
	id=-50500
END track
TAG track
	startAt=1251219684
	chartPosition=
	name=2-4 Grooves Feat. Reki D
	artistName=Relax (Michael Mind Radio Edit)
	artistSongs=565
	playCount=562
	duration=84
	id=-52554
END track
TAG track
	startAt=1251220044
	chartPosition=
	name=Dada, Sam Obernik & Paul Harris
	artistName=Stereo Flo
	artistSongs=11560
	playCount=11559
	duration=120
	id=1929721
END track
TAG track
	startAt=1251220248
	chartPosition=
	name=Mike Candys
	artistName=La Disco Loca (Christopher S Horny Remix)
	artistSongs=538
	playCount=375
	duration=168
	id=-54316
END track
TAG track
	startAt=1251220416
	chartPosition=
	name=Finger & Kadel
	artistName=Mana Mana (Big Room Mix)
	artistSongs=948
	playCount=140
	duration=216
	id=-36050
END track
TAG track
	startAt=1251220644
	chartPosition=
	name=Bob Sinclar
	artistName=La La Song (Tocadisco Remix)
	artistSongs=27299
	playCount=1745
	duration=144
	id=-48687
END track
TAG track
	startAt=1251221208
	chartPosition=
	name=DJ Yankovski
	artistName=Ландыши
	artistSongs=4792
	playCount=1471
	duration=132
	id=2097408
END track
TAG track
	startAt=1251221640
	chartPosition=72
	name=Scooter
	artistName=J'adore Hardcore
	artistSongs=4530
	playCount=533
	duration=216
	id=1942610
END track
TAG track
	startAt=1251222132
	chartPosition=62
	name=Antoine Clamaran
	artistName=Gold (Radio Edit)
	artistSongs=11260
	playCount=3700
	duration=204
	id=-34213
END track
TAG track
	startAt=1251222336
	chartPosition=
	name=Remady P&R
	artistName=No Superstar (Mr. P!nk Remix)
	artistSongs=370
	playCount=370
	duration=144
	id=1789720
END track
TAG track
	startAt=1251222588
	chartPosition=
	name=Scotty
	artistName=The Black Pearl (Dave Darell Radio Edit)
	artistSongs=877
	playCount=324
	duration=144
	id=1726023
END track
TAG track
	startAt=1251222732
	chartPosition=
	name=Сергей Лазарев
	artistName=Stereo (HarDrum Remix)
	artistSongs=26708
	playCount=3527
	duration=204
	id=-41650
END track
TAG track
	startAt=1251223200
	chartPosition=
	name=Morjac & Fred Falke Feat. Sarah Tyler
	artistName=When We're Together
	artistSongs=369
	playCount=365
	duration=204
	id=1813415
END track
TAG track
	startAt=1251223404
	chartPosition=
	name=David May
	artistName=Superstar
	artistSongs=2860
	playCount=261
	duration=192
	id=1789723
END track
TAG track
	startAt=1251223800
	chartPosition=
	name=Italian Disco Mafia
	artistName=L'italiano (DJ Kharma Mighty & Atom Spaghetti House Mix)
	artistSongs=350
	playCount=350
	duration=192
	id=-54600
END track
TAG track
	startAt=1251224256
	chartPosition=
	name=De'Lacy
	artistName=Hideaway (Cedric Gervais Vocal Remix)
	artistSongs=402
	playCount=381
	duration=144
	id=1602628
END track
TAG track
	startAt=1251224460
	chartPosition=
	name=Tristan Garner Feat. Craig Smart
	artistName=Freedom
	artistSongs=629
	playCount=629
	duration=168
	id=-6789
END track
TAG track
	startAt=1251224628
	chartPosition=
	name=Franky Tunes
	artistName=Free (Shaun Baker Edit)
	artistSongs=100
	playCount=100
	duration=192
	id=1875276
END track
TAG track
	startAt=1251224820
	chartPosition=
	name=DJ Nejtrino Feat. Никита Малинин & Эл Рей
	artistName=Seviyorum (I Love You Babe)
	artistSongs=1489
	playCount=1372
	duration=216
	id=-54311
END track
TAG track
	startAt=1251225636
	chartPosition=
	name=John Biancale
	artistName=Up And Down (Paolo Ortelli Vs Degree Edit)
	artistSongs=886
	playCount=886
	duration=180
	id=1932605
END track
TAG track
	startAt=1251225816
	chartPosition=
	name=Discofamily
	artistName=It Just Won't Do (Bigroom Mix)
	artistSongs=165
	playCount=165
	duration=192
	id=1840279
END track
TAG track
	startAt=1251226020
	chartPosition=
	name=Rico Bernasconi
	artistName=Love Deep Inside
	artistSongs=401
	playCount=339
	duration=204
	id=1871067
END track
TAG track
	startAt=1251226212
	chartPosition=
	name=DJ Layla Feat. Alissa
	artistName=Single Lady
	artistSongs=11830
	playCount=11830
	duration=192
	id=-54597
END track
TAG track
	startAt=1251226416
	chartPosition=
	name=Sharam & Mario Vazquez
	artistName=Get Wild
	artistSongs=18
	playCount=18
	duration=144
	id=1670606
END track
TAG track
	startAt=1251226572
	chartPosition=
	name=Yanou Feat. Anita Davis
	artistName=Brighter Day (R.I.O. Remix)
	artistSongs=1551
	playCount=1132
	duration=168
	id=-38538
END track
TAG track
	startAt=1251226884
	chartPosition=
	name=Davide Loi
	artistName=Dirty Road (Original Extended Mix)
	artistSongs=143
	playCount=111
	duration=108
	id=1825111
END track
TAG track
	startAt=1251227052
	chartPosition=
	name=Serge Devant Feat. Hadley
	artistName=Addicted
	artistSongs=11313
	playCount=11120
	duration=192
	id=1927706
END track
TAG track
	startAt=1251227244
	chartPosition=
	name=The Black Eyed Peas
	artistName=Boom Boom Pow (Mari Ferrari Mix)
	artistSongs=26934
	playCount=226
	duration=216
	id=-50895
END track
TAG track
	startAt=1251227460
	chartPosition=
	name=Michael Mind
	artistName=Love's Gonna Get You
	artistSongs=8749
	playCount=2106
	duration=180
	id=1871058
END track
TAG track
	startAt=1251227640
	chartPosition=
	name=Inna
	artistName=Don't Let The Music Die
	artistSongs=23109
	playCount=372
	duration=180
	id=1928058
END track
TAG track
	startAt=1251227832
	chartPosition=
	name=Ian Carey Feat. Steve Adwards
	artistName=S.o.s.
	artistSongs=523
	playCount=523
	duration=132
	id=1908213
END track
TAG track
	startAt=1251228192
	chartPosition=
	name=Dennis Christopher
	artistName=Set It Off (Ian Carey & Brad Holland Mix)
	artistSongs=2040
	playCount=1508
	duration=180
	id=1838517
END track
TAG track
	startAt=1251228384
	chartPosition=
	name=Armin Van Buuren Feat. DJ Shah & Chris Jones
	artistName=Going Wrong
	artistSongs=254
	playCount=193
	duration=204
	id=-1344
END track
TAG track
	startAt=1251228612
	chartPosition=
	name=DJ Project & Connect - R
	artistName=Say Good Bye
	artistSongs=1271
	playCount=1271
	duration=204
	id=-54595
END track
TAG track
	startAt=1251228828
	chartPosition=
	name=Wayko & Bill Brosnan
	artistName=Cancion Del Mariachi
	artistSongs=284
	playCount=185
	duration=168
	id=-45072
END track
TAG track
	startAt=1251229200
	chartPosition=
	name=James Le Freak Feat. Jenny Dalton
	artistName=Circles (DJ Sign Big Room Remix)
	artistSongs=313
	playCount=313
	duration=180
	id=-39873
END track
TAG track
	startAt=1251229380
	chartPosition=
	name=Пепел Роза
	artistName=С Неба Вода
	artistSongs=6695
	playCount=2508
	duration=192
	id=1927580
END track
TAG track
	startAt=1251229572
	chartPosition=
	name=Ocean Drive Feat. Dj Orsika
	artistName=Some People
	artistSongs=873
	playCount=873
	duration=216
	id=1923178
END track
TAG track
	startAt=1251229788
	chartPosition=
	name=Seventh Son and Ethan North
	artistName=Adagio For Strings (Radio Mix)
	artistSongs=586
	playCount=586
	duration=192
	id=-39625
END track
TAG track
	startAt=1251229980
	chartPosition=
	name=Spencer & Hill
	artistName=Young Love
	artistSongs=1884
	playCount=118
	duration=228
	id=1840290
END track
TAG track
	startAt=1251230208
	chartPosition=
	name=DJs From Mars
	artistName=Don't Give Up
	artistSongs=478
	playCount=458
	duration=204
	id=-51757
END track
END tracks
TAG marks
TAG mark
	startAt=1251213151
	user=Константин62
	name=1
	artistName=1
	duration=210
	id=40463
END mark
TAG mark
	startAt=1251225422
	user=shuuubka
	name=Algorhythm feat. Olenin - Mirinda
	artistName=мелодия
	duration=205
	id=40480
END mark
TAG mark
	startAt=1251228038
	user=Dobson
	name=great pretenders
	artistName=bertinio
	duration=147
	id=43336
END mark
END marks
END data
